1607907570963	geckodriver	INFO	Listening on 127.0.0.1:53199
1607907570972	mozrunner::runner	INFO	Running command: "/usr/bin/firefox" "--marionette" "-foreground" "-no-remote" "-profile" "/tmp/rust_mozprofile1Rw5iR"
console.info: MINT: Trying to use the system region (based on LANG).
console.info: MINT: System region is FR
console.warn: SearchSettings: "get: No settings file exists, new profile?" (new Error("", "(unknown module)"))
1607907585312	Marionette	INFO	Listening on port 36515
1607907585483	Marionette	WARN	TLS certificate errors will be ignored for this session
console.info: MINT: Loading search-config defaults.
JavaScript error: resource://gre/modules/TelemetryUtils.jsm, line 161: TypeError: date is undefined
1607908020143	geckodriver	INFO	Listening on 127.0.0.1:36163
1607908020150	mozrunner::runner	INFO	Running command: "/usr/bin/firefox" "--marionette" "-foreground" "-no-remote" "-profile" "/tmp/rust_mozprofileesgwMS"
console.info: MINT: Trying to use the system region (based on LANG).
console.info: MINT: System region is FR
console.warn: SearchSettings: "get: No settings file exists, new profile?" (new Error("", "(unknown module)"))
1607908029963	Marionette	INFO	Listening on port 34873
1607908030069	Marionette	WARN	TLS certificate errors will be ignored for this session
console.info: MINT: Loading search-config defaults.
JavaScript error: resource://gre/modules/TelemetryUtils.jsm, line 161: TypeError: date is undefined
console.info: MINT: main/search-config update being skipped
console.info: MINT: main/search-config update being skipped
1607908359107	geckodriver	INFO	Listening on 127.0.0.1:51909
1607908360115	mozrunner::runner	INFO	Running command: "/usr/bin/firefox" "--marionette" "-foreground" "-no-remote" "-profile" "/tmp/rust_mozprofileOs3kDY"
console.info: MINT: Trying to use the system region (based on LANG).
console.info: MINT: System region is FR
console.warn: SearchSettings: "get: No settings file exists, new profile?" (new Error("", "(unknown module)"))
1607908371042	Marionette	INFO	Listening on port 43617
1607908371149	Marionette	WARN	TLS certificate errors will be ignored for this session
console.info: MINT: Loading search-config defaults.
JavaScript error: resource://gre/modules/TelemetryUtils.jsm, line 161: TypeError: date is undefined
1607908631161	geckodriver	INFO	Listening on 127.0.0.1:59871
1607908631168	mozrunner::runner	INFO	Running command: "/usr/bin/firefox" "--marionette" "-foreground" "-no-remote" "-profile" "/tmp/rust_mozprofileErhTSa"
console.info: MINT: Trying to use the system region (based on LANG).
console.info: MINT: System region is FR
console.warn: SearchSettings: "get: No settings file exists, new profile?" (new Error("", "(unknown module)"))
1607908640624	Marionette	INFO	Listening on port 40509
1607908640774	Marionette	WARN	TLS certificate errors will be ignored for this session
console.info: MINT: Loading search-config defaults.
JavaScript error: resource://gre/modules/TelemetryUtils.jsm, line 161: TypeError: date is undefined
console.error: services.settings: 
  Message: TypeError: NetworkError when attempting to fetch resource.
console.info: MINT: main/search-config update being skipped
1607908775113	addons.xpi	ERROR	System addon update list error Error: Failed downloading XML, status: 0, reason: timeout
1607908912023	Marionette	INFO	Stopped listening on port 43617
1607908919868	Marionette	INFO	Stopped listening on port 34873
1607908923698	Marionette	INFO	Stopped listening on port 36515
1607908961174	Marionette	INFO	Stopped listening on port 40509
1607963725242	geckodriver	INFO	Listening on 127.0.0.1:49613
1607963726204	mozrunner::runner	INFO	Running command: "/usr/bin/firefox" "--marionette" "-foreground" "-no-remote" "-profile" "/tmp/rust_mozprofileR4qCzl"
console.info: MINT: Trying to use the system region (based on LANG).
console.info: MINT: System region is FR
console.warn: SearchSettings: "get: No settings file exists, new profile?" (new Error("", "(unknown module)"))
1607963735552	Marionette	INFO	Listening on port 41737
1607963735884	Marionette	WARN	TLS certificate errors will be ignored for this session
console.info: MINT: Loading search-config defaults.
JavaScript error: resource://gre/modules/TelemetryUtils.jsm, line 161: TypeError: date is undefined
1607963826779	geckodriver	INFO	Listening on 127.0.0.1:42395
1607963826787	mozrunner::runner	INFO	Running command: "/usr/bin/firefox" "--marionette" "-foreground" "-no-remote" "-profile" "/tmp/rust_mozprofilefyqOoT"
console.info: MINT: Trying to use the system region (based on LANG).
console.info: MINT: System region is FR
console.warn: SearchSettings: "get: No settings file exists, new profile?" (new Error("", "(unknown module)"))
1607963833903	Marionette	INFO	Listening on port 37821
1607963833984	Marionette	WARN	TLS certificate errors will be ignored for this session
console.info: MINT: Loading search-config defaults.
JavaScript error: resource://gre/modules/TelemetryUtils.jsm, line 161: TypeError: date is undefined
console.info: MINT: main/search-config update being skipped
console.info: MINT: main/search-config update being skipped
1607964747835	Marionette	INFO	Stopped listening on port 37821
1607964776410	geckodriver	INFO	Listening on 127.0.0.1:59823
1607964776419	mozrunner::runner	INFO	Running command: "/usr/bin/firefox" "--marionette" "-foreground" "-no-remote" "-profile" "/tmp/rust_mozprofilei88j1B"
console.info: MINT: Trying to use the system region (based on LANG).
console.info: MINT: System region is FR
console.warn: SearchSettings: "get: No settings file exists, new profile?" (new Error("", "(unknown module)"))
1607964783850	Marionette	INFO	Listening on port 41235
1607964783930	Marionette	WARN	TLS certificate errors will be ignored for this session
console.info: MINT: Loading search-config defaults.
JavaScript error: resource://gre/modules/TelemetryUtils.jsm, line 161: TypeError: date is undefined
1607964797409	geckodriver	INFO	Listening on 127.0.0.1:35403
1607964798420	mozrunner::runner	INFO	Running command: "/usr/bin/firefox" "--marionette" "-foreground" "-no-remote" "-profile" "/tmp/rust_mozprofileCYmPjD"
console.info: MINT: Trying to use the system region (based on LANG).
console.info: MINT: System region is FR
console.warn: SearchSettings: "get: No settings file exists, new profile?" (new Error("", "(unknown module)"))
1607964806003	Marionette	INFO	Listening on port 43109
1607964806155	Marionette	WARN	TLS certificate errors will be ignored for this session
console.info: MINT: Loading search-config defaults.
JavaScript error: resource://gre/modules/TelemetryUtils.jsm, line 161: TypeError: date is undefined
1607964950773	geckodriver	INFO	Listening on 127.0.0.1:56523
1607964950783	mozrunner::runner	INFO	Running command: "/usr/bin/firefox" "--marionette" "-foreground" "-no-remote" "-profile" "/tmp/rust_mozprofilelhQe7Q"
console.info: MINT: Trying to use the system region (based on LANG).
console.info: MINT: System region is FR
console.warn: SearchSettings: "get: No settings file exists, new profile?" (new Error("", "(unknown module)"))
1607964957990	Marionette	INFO	Listening on port 38233
1607964958110	Marionette	WARN	TLS certificate errors will be ignored for this session
console.info: MINT: Loading search-config defaults.
JavaScript error: resource://gre/modules/TelemetryUtils.jsm, line 161: TypeError: date is undefined
1607964969359	geckodriver	INFO	Listening on 127.0.0.1:59531
1607964970370	mozrunner::runner	INFO	Running command: "/usr/bin/firefox" "--marionette" "-foreground" "-no-remote" "-profile" "/tmp/rust_mozprofiles1i3WS"
console.info: MINT: Trying to use the system region (based on LANG).
console.info: MINT: System region is FR
console.warn: SearchSettings: "get: No settings file exists, new profile?" (new Error("", "(unknown module)"))
1607964977831	Marionette	INFO	Listening on port 39683
1607964977975	Marionette	WARN	TLS certificate errors will be ignored for this session
console.info: MINT: Loading search-config defaults.
JavaScript error: resource://gre/modules/TelemetryUtils.jsm, line 161: TypeError: date is undefined
console.info: MINT: main/search-config update being skipped
1607965169240	addons.xpi	ERROR	System addon update list error Error: Failed downloading XML, status: 0, reason: error
1607965311408	addons.xpi	ERROR	System addon update list error Error: Failed downloading XML, status: 0, reason: error
1607965343426	addons.xpi	ERROR	System addon update list error Error: Failed downloading XML, status: 0, reason: error
1607965363256	addons.xpi	ERROR	System addon update list error Error: Failed downloading XML, status: 0, reason: error
1607972778717	Marionette	INFO	Stopped listening on port 39683
1607972780731	Marionette	INFO	Stopped listening on port 38233
1607972782576	Marionette	INFO	Stopped listening on port 43109
1607972783892	Marionette	INFO	Stopped listening on port 41235
1607972839065	geckodriver	INFO	Listening on 127.0.0.1:52411
1607972840043	mozrunner::runner	INFO	Running command: "/usr/bin/firefox" "--marionette" "-foreground" "-no-remote" "-profile" "/tmp/rust_mozprofileX4DPNX"
console.info: MINT: Trying to use the system region (based on LANG).
console.info: MINT: System region is FR
console.warn: SearchSettings: "get: No settings file exists, new profile?" (new Error("", "(unknown module)"))
1607972855715	Marionette	INFO	Listening on port 38979
1607972856028	Marionette	WARN	TLS certificate errors will be ignored for this session
console.info: MINT: Loading search-config defaults.
JavaScript error: resource://gre/modules/TelemetryUtils.jsm, line 161: TypeError: date is undefined
1607972867789	geckodriver	INFO	Listening on 127.0.0.1:41383
1607972868795	mozrunner::runner	INFO	Running command: "/usr/bin/firefox" "--marionette" "-foreground" "-no-remote" "-profile" "/tmp/rust_mozprofilebD6fmP"
console.info: MINT: Trying to use the system region (based on LANG).
console.info: MINT: System region is FR
console.warn: SearchSettings: "get: No settings file exists, new profile?" (new Error("", "(unknown module)"))
1607972877136	Marionette	INFO	Listening on port 36133
1607972877323	Marionette	WARN	TLS certificate errors will be ignored for this session
console.info: MINT: Loading search-config defaults.
JavaScript error: resource://gre/modules/TelemetryUtils.jsm, line 161: TypeError: date is undefined
1607973068226	Marionette	INFO	Stopped listening on port 36133
1607973069175	Marionette	INFO	Stopped listening on port 38979
1607973098171	geckodriver	INFO	Listening on 127.0.0.1:47225
1607973098181	mozrunner::runner	INFO	Running command: "/usr/bin/firefox" "--marionette" "-foreground" "-no-remote" "-profile" "/tmp/rust_mozprofileBZru7J"
console.info: MINT: Trying to use the system region (based on LANG).
console.info: MINT: System region is FR
console.warn: SearchSettings: "get: No settings file exists, new profile?" (new Error("", "(unknown module)"))
1607973104841	Marionette	INFO	Listening on port 36315
1607973105008	Marionette	WARN	TLS certificate errors will be ignored for this session
console.info: MINT: Loading search-config defaults.
JavaScript error: resource://gre/modules/TelemetryUtils.jsm, line 161: TypeError: date is undefined
1607973292766	Marionette	INFO	Stopped listening on port 36315
1607973315281	geckodriver	INFO	Listening on 127.0.0.1:52267
1607973315291	mozrunner::runner	INFO	Running command: "/usr/bin/firefox" "--marionette" "-foreground" "-no-remote" "-profile" "/tmp/rust_mozprofile2Tuggn"
console.info: MINT: Trying to use the system region (based on LANG).
console.info: MINT: System region is FR
console.warn: SearchSettings: "get: No settings file exists, new profile?" (new Error("", "(unknown module)"))
1607973321868	Marionette	INFO	Listening on port 43673
1607973321992	Marionette	WARN	TLS certificate errors will be ignored for this session
console.info: MINT: Loading search-config defaults.
JavaScript error: resource://gre/modules/TelemetryUtils.jsm, line 161: TypeError: date is undefined
1607973449443	Marionette	INFO	Stopped listening on port 43673
1607973478425	geckodriver	INFO	Listening on 127.0.0.1:35889
1607973478433	mozrunner::runner	INFO	Running command: "/usr/bin/firefox" "--marionette" "-foreground" "-no-remote" "-profile" "/tmp/rust_mozprofilerEM2hn"
console.info: MINT: Trying to use the system region (based on LANG).
console.info: MINT: System region is FR
console.warn: SearchSettings: "get: No settings file exists, new profile?" (new Error("", "(unknown module)"))
1607973485782	Marionette	INFO	Listening on port 38115
1607973485920	Marionette	WARN	TLS certificate errors will be ignored for this session
console.info: MINT: Loading search-config defaults.
JavaScript error: resource://gre/modules/TelemetryUtils.jsm, line 161: TypeError: date is undefined
1607973498293	geckodriver	INFO	Listening on 127.0.0.1:38607
1607973499302	mozrunner::runner	INFO	Running command: "/usr/bin/firefox" "--marionette" "-foreground" "-no-remote" "-profile" "/tmp/rust_mozprofileOL9vYb"
console.info: MINT: Trying to use the system region (based on LANG).
console.info: MINT: System region is FR
console.warn: SearchSettings: "get: No settings file exists, new profile?" (new Error("", "(unknown module)"))
1607973507853	Marionette	INFO	Listening on port 35999
1607973507952	Marionette	WARN	TLS certificate errors will be ignored for this session
console.info: MINT: Loading search-config defaults.
JavaScript error: resource://gre/modules/TelemetryUtils.jsm, line 161: TypeError: date is undefined
1607973549094	Marionette	INFO	Stopped listening on port 35999
1607973556402	Marionette	INFO	Stopped listening on port 38115
1607973585236	geckodriver	INFO	Listening on 127.0.0.1:60991
1607973585244	mozrunner::runner	INFO	Running command: "/usr/bin/firefox" "--marionette" "-foreground" "-no-remote" "-profile" "/tmp/rust_mozprofileey3ZxZ"
console.info: MINT: Trying to use the system region (based on LANG).
console.info: MINT: System region is FR
console.warn: SearchSettings: "get: No settings file exists, new profile?" (new Error("", "(unknown module)"))
1607973592336	Marionette	INFO	Listening on port 41629
1607973592448	Marionette	WARN	TLS certificate errors will be ignored for this session
console.info: MINT: Loading search-config defaults.
JavaScript error: resource://gre/modules/TelemetryUtils.jsm, line 161: TypeError: date is undefined
console.info: MINT: main/search-config update being skipped
1607974138364	Marionette	INFO	Stopped listening on port 41629
1607974159824	geckodriver	INFO	Listening on 127.0.0.1:54249
1607974160837	mozrunner::runner	INFO	Running command: "/usr/bin/firefox" "--marionette" "-foreground" "-no-remote" "-profile" "/tmp/rust_mozprofileJLKwi2"
console.info: MINT: Trying to use the system region (based on LANG).
console.info: MINT: System region is FR
console.warn: SearchSettings: "get: No settings file exists, new profile?" (new Error("", "(unknown module)"))
1607974167673	Marionette	INFO	Listening on port 33057
1607974167799	Marionette	WARN	TLS certificate errors will be ignored for this session
console.info: MINT: Loading search-config defaults.
JavaScript error: resource://gre/modules/TelemetryUtils.jsm, line 161: TypeError: date is undefined
1607974224832	Marionette	INFO	Stopped listening on port 33057
1607974251991	geckodriver	INFO	Listening on 127.0.0.1:39769
1607974252999	mozrunner::runner	INFO	Running command: "/usr/bin/firefox" "--marionette" "-foreground" "-no-remote" "-profile" "/tmp/rust_mozprofile0sbhob"
console.info: MINT: Trying to use the system region (based on LANG).
console.info: MINT: System region is FR
console.warn: SearchSettings: "get: No settings file exists, new profile?" (new Error("", "(unknown module)"))
1607974259674	Marionette	INFO	Listening on port 37277
1607974259800	Marionette	WARN	TLS certificate errors will be ignored for this session
JavaScript error: resource://gre/modules/URIFixup.jsm, line 271: NS_ERROR_FAILURE: Should pass a non-null uri
console.info: MINT: Loading search-config defaults.
JavaScript error: resource://gre/modules/TelemetryUtils.jsm, line 161: TypeError: date is undefined
1607974336057	Marionette	INFO	Stopped listening on port 37277
1607974362303	geckodriver	INFO	Listening on 127.0.0.1:44875
1607974362312	mozrunner::runner	INFO	Running command: "/usr/bin/firefox" "--marionette" "-foreground" "-no-remote" "-profile" "/tmp/rust_mozprofileQDWEwV"
console.info: MINT: Trying to use the system region (based on LANG).
console.info: MINT: System region is FR
console.warn: SearchSettings: "get: No settings file exists, new profile?" (new Error("", "(unknown module)"))
1607974369275	Marionette	INFO	Listening on port 39197
1607974369452	Marionette	WARN	TLS certificate errors will be ignored for this session
console.info: MINT: Loading search-config defaults.
JavaScript error: resource://gre/modules/TelemetryUtils.jsm, line 161: TypeError: date is undefined
JavaScript error: resource://gre/modules/UrlClassifierListManager.jsm, line 691: TypeError: this.tablesData[table] is undefined
1607974393148	Marionette	INFO	Stopped listening on port 39197
1607974432847	geckodriver	INFO	Listening on 127.0.0.1:33559
1607974433858	mozrunner::runner	INFO	Running command: "/usr/bin/firefox" "--marionette" "-foreground" "-no-remote" "-profile" "/tmp/rust_mozprofilejcx3Ch"
console.info: MINT: Trying to use the system region (based on LANG).
console.info: MINT: System region is FR
console.warn: SearchSettings: "get: No settings file exists, new profile?" (new Error("", "(unknown module)"))
1607974440431	Marionette	INFO	Listening on port 39069
1607974440533	Marionette	WARN	TLS certificate errors will be ignored for this session
console.info: MINT: Loading search-config defaults.
JavaScript error: resource://gre/modules/TelemetryUtils.jsm, line 161: TypeError: date is undefined
1607974946396	addons.xpi	ERROR	System addon update list error Error: Failed downloading XML, status: 0, reason: error
1607981037344	Marionette	INFO	Stopped listening on port 39069
1607981041120	Marionette	INFO	Stopped listening on port 41737
1607981548885	geckodriver	INFO	Listening on 127.0.0.1:56833
1607981548893	mozrunner::runner	INFO	Running command: "/usr/bin/firefox" "--marionette" "-foreground" "-no-remote" "-profile" "/tmp/rust_mozprofile6dHZaq"
console.info: MINT: Trying to use the system region (based on LANG).
console.info: MINT: System region is FR
console.warn: SearchSettings: "get: No settings file exists, new profile?" (new Error("", "(unknown module)"))
1607981555710	Marionette	INFO	Listening on port 41787
1607981555804	Marionette	WARN	TLS certificate errors will be ignored for this session
console.info: MINT: Loading search-config defaults.
JavaScript error: resource://gre/modules/TelemetryUtils.jsm, line 161: TypeError: date is undefined
1607981630872	Marionette	INFO	Stopped listening on port 41787
1607981657806	geckodriver	INFO	Listening on 127.0.0.1:35881
1607981657816	mozrunner::runner	INFO	Running command: "/usr/bin/firefox" "--marionette" "-foreground" "-no-remote" "-profile" "/tmp/rust_mozprofileSsHXKj"
console.info: MINT: Trying to use the system region (based on LANG).
console.info: MINT: System region is FR
console.warn: SearchSettings: "get: No settings file exists, new profile?" (new Error("", "(unknown module)"))
1607981664386	Marionette	INFO	Listening on port 44197
1607981664518	Marionette	WARN	TLS certificate errors will be ignored for this session
console.info: MINT: Loading search-config defaults.
JavaScript error: resource://gre/modules/TelemetryUtils.jsm, line 161: TypeError: date is undefined
1607981833894	geckodriver	INFO	Listening on 127.0.0.1:52369
1607981834902	mozrunner::runner	INFO	Running command: "/usr/bin/firefox" "--marionette" "-foreground" "-no-remote" "-profile" "/tmp/rust_mozprofile4m3cpL"
console.info: MINT: Trying to use the system region (based on LANG).
console.info: MINT: System region is FR
console.warn: SearchSettings: "get: No settings file exists, new profile?" (new Error("", "(unknown module)"))
1607981842087	Marionette	INFO	Listening on port 35913
1607981842202	Marionette	WARN	TLS certificate errors will be ignored for this session
console.info: MINT: Loading search-config defaults.
JavaScript error: resource://gre/modules/TelemetryUtils.jsm, line 161: TypeError: date is undefined
1607982012746	Marionette	INFO	Stopped listening on port 44197
1607982014336	Marionette	INFO	Stopped listening on port 35913
1607982704790	geckodriver	INFO	Listening on 127.0.0.1:36729
1607982705802	mozrunner::runner	INFO	Running command: "/usr/bin/firefox" "--marionette" "-foreground" "-no-remote" "-profile" "/tmp/rust_mozprofilezMfj7d"
console.info: MINT: Trying to use the system region (based on LANG).
console.info: MINT: System region is FR
console.warn: SearchSettings: "get: No settings file exists, new profile?" (new Error("", "(unknown module)"))
1607982712793	Marionette	INFO	Listening on port 44175
1607982712909	Marionette	WARN	TLS certificate errors will be ignored for this session
console.info: MINT: Loading search-config defaults.
JavaScript error: resource://gre/modules/TelemetryUtils.jsm, line 161: TypeError: date is undefined
1607983058477	Marionette	INFO	Stopped listening on port 44175
1607983088172	geckodriver	INFO	Listening on 127.0.0.1:48641
1607983088182	mozrunner::runner	INFO	Running command: "/usr/bin/firefox" "--marionette" "-foreground" "-no-remote" "-profile" "/tmp/rust_mozprofilesUsdZo"
console.info: MINT: Trying to use the system region (based on LANG).
console.info: MINT: System region is FR
console.warn: SearchSettings: "get: No settings file exists, new profile?" (new Error("", "(unknown module)"))
1607983094621	Marionette	INFO	Listening on port 46691
1607983094760	Marionette	WARN	TLS certificate errors will be ignored for this session
console.info: MINT: Loading search-config defaults.
JavaScript error: resource://gre/modules/TelemetryUtils.jsm, line 161: TypeError: date is undefined
1607983194523	Marionette	INFO	Stopped listening on port 46691
1607983222266	geckodriver	INFO	Listening on 127.0.0.1:40335
1607983222276	mozrunner::runner	INFO	Running command: "/usr/bin/firefox" "--marionette" "-foreground" "-no-remote" "-profile" "/tmp/rust_mozprofileoTePDc"
console.info: MINT: Trying to use the system region (based on LANG).
console.info: MINT: System region is FR
console.warn: SearchSettings: "get: No settings file exists, new profile?" (new Error("", "(unknown module)"))
1607983229335	Marionette	INFO	Listening on port 33407
1607983229461	Marionette	WARN	TLS certificate errors will be ignored for this session
console.info: MINT: Loading search-config defaults.
JavaScript error: resource://gre/modules/TelemetryUtils.jsm, line 161: TypeError: date is undefined
1607983618664	geckodriver	INFO	Listening on 127.0.0.1:42675
1607983618673	mozrunner::runner	INFO	Running command: "/usr/bin/firefox" "--marionette" "-foreground" "-no-remote" "-profile" "/tmp/rust_mozprofileVOu4Th"
console.info: MINT: Trying to use the system region (based on LANG).
console.info: MINT: System region is FR
console.warn: SearchSettings: "get: No settings file exists, new profile?" (new Error("", "(unknown module)"))
1607983627108	Marionette	INFO	Listening on port 40973
1607983627274	Marionette	WARN	TLS certificate errors will be ignored for this session
console.info: MINT: Loading search-config defaults.
JavaScript error: resource://gre/modules/TelemetryUtils.jsm, line 161: TypeError: date is undefined
console.info: MINT: main/search-config update being skipped
console.info: MINT: main/search-config update being skipped
1607985151179	Marionette	INFO	Stopped listening on port 40973
1607985155549	Marionette	INFO	Stopped listening on port 33407
1607985483269	geckodriver	INFO	Listening on 127.0.0.1:58371
1607985483279	mozrunner::runner	INFO	Running command: "/usr/bin/firefox" "--marionette" "-foreground" "-no-remote" "-profile" "/tmp/rust_mozprofilel6md0X"
console.info: MINT: Trying to use the system region (based on LANG).
console.info: MINT: System region is FR
console.warn: SearchSettings: "get: No settings file exists, new profile?" (new Error("", "(unknown module)"))
1607985490005	Marionette	INFO	Listening on port 34181
1607985490082	Marionette	WARN	TLS certificate errors will be ignored for this session
console.info: MINT: Loading search-config defaults.
JavaScript error: resource://gre/modules/TelemetryUtils.jsm, line 161: TypeError: date is undefined
1607985591980	geckodriver	INFO	Listening on 127.0.0.1:56827
1607985591987	mozrunner::runner	INFO	Running command: "/usr/bin/firefox" "--marionette" "-foreground" "-no-remote" "-profile" "/tmp/rust_mozprofilepLds4u"
console.info: MINT: Trying to use the system region (based on LANG).
console.info: MINT: System region is FR
console.warn: SearchSettings: "get: No settings file exists, new profile?" (new Error("", "(unknown module)"))
1607985599095	Marionette	INFO	Listening on port 40355
1607985599182	Marionette	WARN	TLS certificate errors will be ignored for this session
console.info: MINT: Loading search-config defaults.
JavaScript error: resource://gre/modules/TelemetryUtils.jsm, line 161: TypeError: date is undefined
1607985660578	Marionette	INFO	Stopped listening on port 40355
1607985664119	Marionette	INFO	Stopped listening on port 34181
1607986781974	geckodriver	INFO	Listening on 127.0.0.1:57025
1607986781983	mozrunner::runner	INFO	Running command: "/usr/bin/firefox" "--marionette" "-foreground" "-no-remote" "-profile" "/tmp/rust_mozprofileNhlKyD"
console.info: MINT: Trying to use the system region (based on LANG).
console.info: MINT: System region is FR
console.warn: SearchSettings: "get: No settings file exists, new profile?" (new Error("", "(unknown module)"))
1607986789285	Marionette	INFO	Listening on port 46511
1607986789405	Marionette	WARN	TLS certificate errors will be ignored for this session
console.info: MINT: Loading search-config defaults.
JavaScript error: resource://gre/modules/TelemetryUtils.jsm, line 161: TypeError: date is undefined
console.info: MINT: main/search-config update being skipped
1607987231430	geckodriver	INFO	Listening on 127.0.0.1:33979
1607987231442	mozrunner::runner	INFO	Running command: "/usr/bin/firefox" "--marionette" "-foreground" "-no-remote" "-profile" "/tmp/rust_mozprofilejvoU0Y"
console.info: MINT: Trying to use the system region (based on LANG).
console.info: MINT: System region is FR
console.warn: SearchSettings: "get: No settings file exists, new profile?" (new Error("", "(unknown module)"))
1607987242292	Marionette	INFO	Listening on port 41655
1607987242399	Marionette	WARN	TLS certificate errors will be ignored for this session
console.info: MINT: Loading search-config defaults.
JavaScript error: resource://gre/modules/TelemetryUtils.jsm, line 161: TypeError: date is undefined
1607987326761	Marionette	INFO	Stopped listening on port 46511
1607987461258	Marionette	INFO	Stopped listening on port 41655
1607987496784	geckodriver	INFO	Listening on 127.0.0.1:45559
1607987497790	mozrunner::runner	INFO	Running command: "/usr/bin/firefox" "--marionette" "-foreground" "-no-remote" "-profile" "/tmp/rust_mozprofileqL5PVM"
console.info: MINT: Trying to use the system region (based on LANG).
console.info: MINT: System region is FR
console.warn: SearchSettings: "get: No settings file exists, new profile?" (new Error("", "(unknown module)"))
1607987507211	Marionette	INFO	Listening on port 35265
1607987507306	Marionette	WARN	TLS certificate errors will be ignored for this session
console.info: MINT: Loading search-config defaults.
JavaScript error: resource://gre/modules/TelemetryUtils.jsm, line 161: TypeError: date is undefined

###!!! [Parent][MessageChannel] Error: (msgtype=0x1D0011,name=PBackgroundStorage::Msg_Observe) Channel error: cannot send/recv

1607987736188	Marionette	INFO	Stopped listening on port 35265
1607987783986	geckodriver	INFO	Listening on 127.0.0.1:59457
1607987783998	mozrunner::runner	INFO	Running command: "/usr/bin/firefox" "--marionette" "-foreground" "-no-remote" "-profile" "/tmp/rust_mozprofileZGw4F3"
console.info: MINT: Trying to use the system region (based on LANG).
console.info: MINT: System region is FR
console.warn: SearchSettings: "get: No settings file exists, new profile?" (new Error("", "(unknown module)"))
1607987800537	Marionette	INFO	Listening on port 45491
1607987800612	Marionette	WARN	TLS certificate errors will be ignored for this session
JavaScript error: resource://gre/modules/URIFixup.jsm, line 271: NS_ERROR_FAILURE: Should pass a non-null uri
console.info: MINT: Loading search-config defaults.
JavaScript error: resource://gre/modules/TelemetryUtils.jsm, line 161: TypeError: date is undefined
1607987899651	Marionette	INFO	Stopped listening on port 45491
1607987934536	geckodriver	INFO	Listening on 127.0.0.1:56099
1607987934543	mozrunner::runner	INFO	Running command: "/usr/bin/firefox" "--marionette" "-foreground" "-no-remote" "-profile" "/tmp/rust_mozprofileWPChkE"
console.info: MINT: Trying to use the system region (based on LANG).
console.info: MINT: System region is FR
console.warn: SearchSettings: "get: No settings file exists, new profile?" (new Error("", "(unknown module)"))
1607987943811	Marionette	INFO	Listening on port 35527
1607987943963	Marionette	WARN	TLS certificate errors will be ignored for this session
console.info: MINT: Loading search-config defaults.
JavaScript error: resource://gre/modules/TelemetryUtils.jsm, line 161: TypeError: date is undefined
console.info: MINT: main/search-config update being skipped
1607988521746	geckodriver	INFO	Listening on 127.0.0.1:43857
1607988521754	mozrunner::runner	INFO	Running command: "/usr/bin/firefox" "--marionette" "-foreground" "-no-remote" "-profile" "/tmp/rust_mozprofilezEL665"
console.info: MINT: Trying to use the system region (based on LANG).
console.info: MINT: System region is FR
console.warn: SearchSettings: "get: No settings file exists, new profile?" (new Error("", "(unknown module)"))
1607988528708	Marionette	INFO	Listening on port 39865
1607988528784	Marionette	WARN	TLS certificate errors will be ignored for this session
console.info: MINT: Loading search-config defaults.
JavaScript error: resource://gre/modules/TelemetryUtils.jsm, line 161: TypeError: date is undefined
1607988700591	Marionette	INFO	Stopped listening on port 35527
1607988701497	Marionette	INFO	Stopped listening on port 39865
1607988980959	geckodriver	INFO	Listening on 127.0.0.1:37793
1607988980969	mozrunner::runner	INFO	Running command: "/usr/bin/firefox" "--marionette" "-foreground" "-no-remote" "-profile" "/tmp/rust_mozprofile50avAa"
console.info: MINT: Trying to use the system region (based on LANG).
console.info: MINT: System region is FR
console.warn: SearchSettings: "get: No settings file exists, new profile?" (new Error("", "(unknown module)"))
1607988988208	Marionette	INFO	Listening on port 42787
1607988988365	Marionette	WARN	TLS certificate errors will be ignored for this session
console.info: MINT: Loading search-config defaults.
JavaScript error: resource://gre/modules/TelemetryUtils.jsm, line 161: TypeError: date is undefined
1607989115563	Marionette	INFO	Stopped listening on port 42787
1607990409545	geckodriver	INFO	Listening on 127.0.0.1:44775
1607990410553	mozrunner::runner	INFO	Running command: "/usr/bin/firefox" "--marionette" "-foreground" "-no-remote" "-profile" "/tmp/rust_mozprofileQ68GWf"
console.info: MINT: Trying to use the system region (based on LANG).
console.info: MINT: System region is FR
console.warn: SearchSettings: "get: No settings file exists, new profile?" (new Error("", "(unknown module)"))
1607990417226	Marionette	INFO	Listening on port 46333
1607990417363	Marionette	WARN	TLS certificate errors will be ignored for this session
console.info: MINT: Loading search-config defaults.
JavaScript error: resource://gre/modules/TelemetryUtils.jsm, line 161: TypeError: date is undefined
console.info: MINT: main/search-config update being skipped
1607993055860	Marionette	INFO	Stopped listening on port 46333
1608047541180	geckodriver	INFO	Listening on 127.0.0.1:36157
1608047542128	mozrunner::runner	INFO	Running command: "/usr/bin/firefox" "--marionette" "-foreground" "-no-remote" "-profile" "/tmp/rust_mozprofileASQsRa"
console.info: MINT: Trying to use the system region (based on LANG).
console.info: MINT: System region is FR
console.warn: SearchSettings: "get: No settings file exists, new profile?" (new Error("", "(unknown module)"))
1608047549737	Marionette	INFO	Listening on port 42779
1608047550252	Marionette	WARN	TLS certificate errors will be ignored for this session
console.info: MINT: Loading search-config defaults.
JavaScript error: resource://gre/modules/TelemetryUtils.jsm, line 161: TypeError: date is undefined
console.info: MINT: main/search-config update being skipped
1608048686971	Marionette	INFO	Stopped listening on port 42779
1608048883153	geckodriver	INFO	Listening on 127.0.0.1:55567
1608048884165	mozrunner::runner	INFO	Running command: "/usr/bin/firefox" "--marionette" "-foreground" "-no-remote" "-profile" "/tmp/rust_mozprofilekgmEAd"
console.info: MINT: Trying to use the system region (based on LANG).
console.info: MINT: System region is FR
console.warn: SearchSettings: "get: No settings file exists, new profile?" (new Error("", "(unknown module)"))
1608048890827	Marionette	INFO	Listening on port 43391
1608048890994	Marionette	WARN	TLS certificate errors will be ignored for this session
console.info: MINT: Loading search-config defaults.
JavaScript error: resource://gre/modules/TelemetryUtils.jsm, line 161: TypeError: date is undefined
1608049163514	Marionette	INFO	Stopped listening on port 43391
1608049520713	geckodriver	INFO	Listening on 127.0.0.1:45579
1608049520722	mozrunner::runner	INFO	Running command: "/usr/bin/firefox" "--marionette" "-foreground" "-no-remote" "-profile" "/tmp/rust_mozprofileFSW07x"
console.info: MINT: Trying to use the system region (based on LANG).
console.info: MINT: System region is FR
console.warn: SearchSettings: "get: No settings file exists, new profile?" (new Error("", "(unknown module)"))
1608049527254	Marionette	INFO	Listening on port 38961
1608049527410	Marionette	WARN	TLS certificate errors will be ignored for this session
console.info: MINT: Loading search-config defaults.
JavaScript error: resource://gre/modules/TelemetryUtils.jsm, line 161: TypeError: date is undefined
1608049679500	geckodriver	INFO	Listening on 127.0.0.1:44515
1608049679508	mozrunner::runner	INFO	Running command: "/usr/bin/firefox" "--marionette" "-foreground" "-no-remote" "-profile" "/tmp/rust_mozprofilecGTQZo"
console.info: MINT: Trying to use the system region (based on LANG).
console.info: MINT: System region is FR
console.warn: SearchSettings: "get: No settings file exists, new profile?" (new Error("", "(unknown module)"))
1608049686025	Marionette	INFO	Listening on port 41259
1608049686095	Marionette	WARN	TLS certificate errors will be ignored for this session
JavaScript error: resource://gre/modules/URIFixup.jsm, line 271: NS_ERROR_FAILURE: Should pass a non-null uri
console.info: MINT: Loading search-config defaults.
JavaScript error: resource://gre/modules/TelemetryUtils.jsm, line 161: TypeError: date is undefined
console.info: MINT: main/search-config update being skipped
console.info: MINT: main/search-config update being skipped
1608049981516	geckodriver	INFO	Listening on 127.0.0.1:51629
1608049981525	mozrunner::runner	INFO	Running command: "/usr/bin/firefox" "--marionette" "-foreground" "-no-remote" "-profile" "/tmp/rust_mozprofile6Kj5eP"
console.info: MINT: Trying to use the system region (based on LANG).
console.info: MINT: System region is FR
console.warn: SearchSettings: "get: No settings file exists, new profile?" (new Error("", "(unknown module)"))
1608049988075	Marionette	INFO	Listening on port 45373
1608049988243	Marionette	WARN	TLS certificate errors will be ignored for this session
console.info: MINT: Loading search-config defaults.
JavaScript error: resource://gre/modules/TelemetryUtils.jsm, line 161: TypeError: date is undefined
1608050104239	geckodriver	INFO	Listening on 127.0.0.1:52637
1608050104247	mozrunner::runner	INFO	Running command: "/usr/bin/firefox" "--marionette" "-foreground" "-no-remote" "-profile" "/tmp/rust_mozprofileEuMlKG"
console.info: MINT: Trying to use the system region (based on LANG).
console.info: MINT: System region is FR
console.warn: SearchSettings: "get: No settings file exists, new profile?" (new Error("", "(unknown module)"))
1608050111716	Marionette	INFO	Listening on port 41025
1608050111842	Marionette	WARN	TLS certificate errors will be ignored for this session
console.info: MINT: Loading search-config defaults.
JavaScript error: resource://gre/modules/TelemetryUtils.jsm, line 161: TypeError: date is undefined
1608050171040	Marionette	INFO	Stopped listening on port 41025
1608050175896	Marionette	INFO	Stopped listening on port 38961
1608050176251	Marionette	INFO	Stopped listening on port 41259
1608050177479	Marionette	INFO	Stopped listening on port 45373
1608050864991	geckodriver	INFO	Listening on 127.0.0.1:47139
1608050865001	mozrunner::runner	INFO	Running command: "/usr/bin/firefox" "--marionette" "-foreground" "-no-remote" "-profile" "/tmp/rust_mozprofileIHmDDQ"
console.info: MINT: Trying to use the system region (based on LANG).
console.info: MINT: System region is FR
console.warn: SearchSettings: "get: No settings file exists, new profile?" (new Error("", "(unknown module)"))
1608050871741	Marionette	INFO	Listening on port 38301
1608050871821	Marionette	WARN	TLS certificate errors will be ignored for this session
console.info: MINT: Loading search-config defaults.
JavaScript error: resource://gre/modules/TelemetryUtils.jsm, line 161: TypeError: date is undefined
1608051124807	geckodriver	INFO	Listening on 127.0.0.1:56039
1608051124816	mozrunner::runner	INFO	Running command: "/usr/bin/firefox" "--marionette" "-foreground" "-no-remote" "-profile" "/tmp/rust_mozprofileR2H0WT"
console.info: MINT: Trying to use the system region (based on LANG).
console.info: MINT: System region is FR
console.warn: SearchSettings: "get: No settings file exists, new profile?" (new Error("", "(unknown module)"))
1608051131364	Marionette	INFO	Listening on port 45653
1608051131506	Marionette	WARN	TLS certificate errors will be ignored for this session
console.info: MINT: Loading search-config defaults.
JavaScript error: resource://gre/modules/TelemetryUtils.jsm, line 161: TypeError: date is undefined
console.info: MINT: main/search-config update being skipped
1608051637281	addons.xpi	ERROR	System addon update list error Error: Failed downloading XML, status: 0, reason: error
1608059106550	Marionette	INFO	Stopped listening on port 38301
1608059106996	Marionette	INFO	Stopped listening on port 45653
1608072083531	geckodriver	INFO	Listening on 127.0.0.1:44815
1608072084488	mozrunner::runner	INFO	Running command: "/usr/bin/firefox" "--marionette" "-foreground" "-no-remote" "-profile" "/tmp/rust_mozprofilesjrfKk"
console.info: MINT: Trying to use the system region (based on LANG).
console.info: MINT: System region is FR
console.warn: SearchSettings: "get: No settings file exists, new profile?" (new Error("", "(unknown module)"))
1608072095419	Marionette	INFO	Listening on port 43735
1608072095571	Marionette	WARN	TLS certificate errors will be ignored for this session
console.info: MINT: Loading search-config defaults.
JavaScript error: resource://gre/modules/TelemetryUtils.jsm, line 161: TypeError: date is undefined
console.info: MINT: main/search-config update being skipped
1608074445742	Marionette	INFO	Stopped listening on port 43735
1608074466346	geckodriver	INFO	Listening on 127.0.0.1:36549
1608074467311	mozrunner::runner	INFO	Running command: "/usr/bin/firefox" "--marionette" "-foreground" "-no-remote" "-profile" "/tmp/rust_mozprofileXf6OUq"
console.info: MINT: Trying to use the system region (based on LANG).
console.info: MINT: System region is FR
console.warn: SearchSettings: "get: No settings file exists, new profile?" (new Error("", "(unknown module)"))
1608074484807	Marionette	INFO	Listening on port 46273
1608074485019	Marionette	WARN	TLS certificate errors will be ignored for this session
console.info: MINT: Loading search-config defaults.
JavaScript error: resource://gre/modules/TelemetryUtils.jsm, line 161: TypeError: date is undefined
console.info: MINT: main/search-config update being skipped
1608075089850	geckodriver	INFO	Listening on 127.0.0.1:39961
1608075089859	mozrunner::runner	INFO	Running command: "/usr/bin/firefox" "--marionette" "-foreground" "-no-remote" "-profile" "/tmp/rust_mozprofileV4jpVR"
console.info: MINT: Trying to use the system region (based on LANG).
console.info: MINT: System region is FR
console.warn: SearchSettings: "get: No settings file exists, new profile?" (new Error("", "(unknown module)"))
1608075096694	Marionette	INFO	Listening on port 45757
1608075096767	Marionette	WARN	TLS certificate errors will be ignored for this session
console.info: MINT: Loading search-config defaults.
JavaScript error: resource://gre/modules/TelemetryUtils.jsm, line 161: TypeError: date is undefined
1608075112234	geckodriver	INFO	Listening on 127.0.0.1:57021
1608075112256	mozrunner::runner	INFO	Running command: "/usr/bin/firefox" "--marionette" "-foreground" "-no-remote" "-profile" "/tmp/rust_mozprofile36kssx"
console.info: MINT: Trying to use the system region (based on LANG).
console.info: MINT: System region is FR
console.warn: SearchSettings: "get: No settings file exists, new profile?" (new Error("", "(unknown module)"))
1608075119906	Marionette	INFO	Listening on port 45375
1608075119975	Marionette	WARN	TLS certificate errors will be ignored for this session
console.info: MINT: Loading search-config defaults.
JavaScript error: resource://gre/modules/TelemetryUtils.jsm, line 161: TypeError: date is undefined
1608075152732	Marionette	INFO	Stopped listening on port 45375
1608075155673	Marionette	INFO	Stopped listening on port 45757
